<?xml version="1.0" encoding="UTF-8"?>
<!-- Generated by org.testng.reporters.JUnitReportReporter -->
<testsuite hostname="LAPTOP-0HA3NO3K" name="testcases.VerifyLoginPage" tests="1" failures="0" timestamp="26 Apr 2017 22:57:36 GMT" time="18.652" errors="0">
  <testcase name="testLoginPage" time="18.652" classname="testcases.VerifyLoginPage"/>
</testsuite> <!-- testcases.VerifyLoginPage -->
