<?xml version="1.0" encoding="UTF-8"?>
<!-- Generated by org.testng.reporters.JUnitReportReporter -->
<testsuite hostname="LAPTOP-0HA3NO3K" name="testcases.VerifyHomePage" tests="1" failures="0" timestamp="26 Apr 2017 19:32:00 GMT" time="25.983" errors="0">
  <testcase name="testHomePage" time="25.983" classname="testcases.VerifyHomePage"/>
</testsuite> <!-- testcases.VerifyHomePage -->
